Using pre-set license
Built from '2020.2/release' branch; Version is '2020.2.1f1 (270dd8c3da1c) revision 2559448'; Using compiler version '192528614'; Build Type 'Release'
OS: 'Windows 10  (10.0.0) 64bit' Language: 'en' Physical Memory: 8119 MB
BatchMode: 1, IsHumanControllingUs: 0, StartBugReporterOnCrash: 0, Is64bit: 1, IsPro: 0

 COMMAND LINE ARGUMENTS:
C:\Program Files\Unity\Hub\Editor\2020.2.1f1\Editor\Unity.exe
-adb2
-batchMode
-noUpm
-name
AssetImportWorker3
-projectPath
C:/Users/Jake/Documents/University/Year 2/GameJam/GameJamProject/GameJamProject
-logFile
Logs/AssetImportWorker3.log
-srvPort
56309
Successfully changed project path to: C:/Users/Jake/Documents/University/Year 2/GameJam/GameJamProject/GameJamProject
C:/Users/Jake/Documents/University/Year 2/GameJam/GameJamProject/GameJamProject
Using Asset Import Pipeline V2.
Refreshing native plugins compatible for Editor in 65.82 ms, found 0 plugins.
Preloading 0 native plugins for Editor in 0.00 ms.
Initialize engine version: 2020.2.1f1 (270dd8c3da1c)
[Subsystems] Discovering subsystems at path C:/Program Files/Unity/Hub/Editor/2020.2.1f1/Editor/Data/Resources/UnitySubsystems
[Subsystems] Discovering subsystems at path C:/Users/Jake/Documents/University/Year 2/GameJam/GameJamProject/GameJamProject/Assets
GfxDevice: creating device client; threaded=0
Direct3D:
    Version:  Direct3D 11.0 [level 11.1]
    Renderer: NVIDIA GeForce GTX 980 (ID=0x13c0)
    Vendor:   
    VRAM:     4053 MB
    Driver:   27.21.14.5730
Initialize mono
Mono path[0] = 'C:/Program Files/Unity/Hub/Editor/2020.2.1f1/Editor/Data/Managed'
Mono path[1] = 'C:/Program Files/Unity/Hub/Editor/2020.2.1f1/Editor/Data/MonoBleedingEdge/lib/mono/unityjit'
Mono config path = 'C:/Program Files/Unity/Hub/Editor/2020.2.1f1/Editor/Data/MonoBleedingEdge/etc'
Using monoOptions --debugger-agent=transport=dt_socket,embedding=1,server=y,suspend=n,address=127.0.0.1:56516
Begin MonoManager ReloadAssembly
Registering precompiled unity dll's ...
Register platform support module: C:/Program Files/Unity/Hub/Editor/2020.2.1f1/Editor/Data/PlaybackEngines/WindowsStandaloneSupport/UnityEditor.WindowsStandalone.Extensions.dll
Registered in 0.003146 seconds.
Native extension for WindowsStandalone target not found
Refreshing native plugins compatible for Editor in 42.83 ms, found 0 plugins.
Preloading 0 native plugins for Editor in 0.00 ms.
Invoked RoslynAnalysisRunner static constructor.
RoslynAnalysisRunner will not be running.
RoslynAnalysisRunner has terminated.
Mono: successfully reloaded assembly
- Completed reload, in  2.001 seconds
Platform modules already initialized, skipping
Registering precompiled user dll's ...
Registered in 0.000934 seconds.
Begin MonoManager ReloadAssembly
Native extension for WindowsStandalone target not found
Refreshing native plugins compatible for Editor in 0.22 ms, found 0 plugins.
Preloading 0 native plugins for Editor in 0.00 ms.
Invoked RoslynAnalysisRunner static constructor.
RoslynAnalysisRunner will not be running.
RoslynAnalysisRunner has terminated.
Mono: successfully reloaded assembly
- Completed reload, in  1.151 seconds
Platform modules already initialized, skipping
========================================================================
Worker process is ready to serve import requests
Launched and connected shader compiler UnityShaderCompiler.exe after 0.23 seconds
Refreshing native plugins compatible for Editor in 0.25 ms, found 0 plugins.
Preloading 0 native plugins for Editor in 0.00 ms.
Unloading 1149 Unused Serialized files (Serialized files now loaded: 0)
System memory in use before: 60.1 MB.
System memory in use after: 60.1 MB.

Unloading 10 unused Assets to reduce memory usage. Loaded Objects now: 1591.
Total: 2.337100 ms (FindLiveObjects: 0.178400 ms CreateObjectMapping: 0.064600 ms MarkObjects: 1.980300 ms  DeleteObjects: 0.112900 ms)

========================================================================
Received Import Request.
  path: Assets/Prefabs/Monster.prefab
  artifactKey: Guid(f435129b8e3d065449e2511b2e0d7302) Importer(815301076,1909f56bfc062723c751e8b465ee728b)
Start importing Assets/Prefabs/Monster.prefab using Guid(f435129b8e3d065449e2511b2e0d7302) Importer(815301076,1909f56bfc062723c751e8b465ee728b)  -> (artifact id: '28fd2f799302bfa9a6278048e72ddc5c') in 0.592091 seconds
  Import took 0.616819 seconds .

========================================================================
Received Prepare
Registering precompiled user dll's ...
Registered in 0.000895 seconds.
Begin MonoManager ReloadAssembly
Native extension for WindowsStandalone target not found
Refreshing native plugins compatible for Editor in 0.31 ms, found 0 plugins.
Preloading 0 native plugins for Editor in 0.00 ms.
Invoked RoslynAnalysisRunner static constructor.
RoslynAnalysisRunner will not be running.
RoslynAnalysisRunner has terminated.
Mono: successfully reloaded assembly
- Completed reload, in  1.179 seconds
Platform modules already initialized, skipping
Refreshing native plugins compatible for Editor in 0.35 ms, found 0 plugins.
Preloading 0 native plugins for Editor in 0.00 ms.
Unloading 1131 Unused Serialized files (Serialized files now loaded: 0)
System memory in use before: 62.4 MB.
System memory in use after: 62.5 MB.

Unloading 5 unused Assets to reduce memory usage. Loaded Objects now: 1601.
Total: 1.928900 ms (FindLiveObjects: 0.209200 ms CreateObjectMapping: 0.105800 ms MarkObjects: 1.547300 ms  DeleteObjects: 0.063400 ms)

========================================================================
Received Import Request.
  Time since last request: 32.903251 seconds.
  path: Assets/Prefabs/Monster.prefab
  artifactKey: Guid(f435129b8e3d065449e2511b2e0d7302) Importer(815301076,1909f56bfc062723c751e8b465ee728b)
Start importing Assets/Prefabs/Monster.prefab using Guid(f435129b8e3d065449e2511b2e0d7302) Importer(815301076,1909f56bfc062723c751e8b465ee728b)  -> (artifact id: '690c834c6560e3870eda566e3da384f3') in 0.071751 seconds
  Import took 0.074477 seconds .

========================================================================
Received Prepare
Registering precompiled user dll's ...
Registered in 0.000904 seconds.
Begin MonoManager ReloadAssembly
Native extension for WindowsStandalone target not found
Refreshing native plugins compatible for Editor in 0.23 ms, found 0 plugins.
Preloading 0 native plugins for Editor in 0.00 ms.
Invoked RoslynAnalysisRunner static constructor.
RoslynAnalysisRunner will not be running.
RoslynAnalysisRunner has terminated.
Mono: successfully reloaded assembly
- Completed reload, in  1.443 seconds
Platform modules already initialized, skipping
Refreshing native plugins compatible for Editor in 0.26 ms, found 0 plugins.
Preloading 0 native plugins for Editor in 0.00 ms.
Unloading 1131 Unused Serialized files (Serialized files now loaded: 0)
System memory in use before: 62.6 MB.
System memory in use after: 62.7 MB.

Unloading 5 unused Assets to reduce memory usage. Loaded Objects now: 1604.
Total: 14.432900 ms (FindLiveObjects: 0.270200 ms CreateObjectMapping: 0.069400 ms MarkObjects: 13.656700 ms  DeleteObjects: 0.432700 ms)

========================================================================
Received Import Request.
  Time since last request: 41.057244 seconds.
  path: Assets/Prefabs/Monster.prefab
  artifactKey: Guid(f435129b8e3d065449e2511b2e0d7302) Importer(815301076,1909f56bfc062723c751e8b465ee728b)
Start importing Assets/Prefabs/Monster.prefab using Guid(f435129b8e3d065449e2511b2e0d7302) Importer(815301076,1909f56bfc062723c751e8b465ee728b)  -> (artifact id: '57260c09f831a94c489edba663f2964f') in 0.165833 seconds
  Import took 0.168863 seconds .

========================================================================
Received Import Request.
  Time since last request: 9.939627 seconds.
  path: Assets/Prefabs/Monster.prefab
  artifactKey: Guid(f435129b8e3d065449e2511b2e0d7302) Importer(815301076,1909f56bfc062723c751e8b465ee728b)
Start importing Assets/Prefabs/Monster.prefab using Guid(f435129b8e3d065449e2511b2e0d7302) Importer(815301076,1909f56bfc062723c751e8b465ee728b)  -> (artifact id: '9d5e0ece3362de553bcef7f44c683ba9') in 0.023054 seconds
  Import took 0.025894 seconds .

========================================================================
Received Prepare
Registering precompiled user dll's ...
Registered in 0.001065 seconds.
Begin MonoManager ReloadAssembly
Native extension for WindowsStandalone target not found
Refreshing native plugins compatible for Editor in 0.25 ms, found 0 plugins.
Preloading 0 native plugins for Editor in 0.00 ms.
Invoked RoslynAnalysisRunner static constructor.
RoslynAnalysisRunner will not be running.
RoslynAnalysisRunner has terminated.
Mono: successfully reloaded assembly
- Completed reload, in  1.186 seconds
Platform modules already initialized, skipping
Refreshing native plugins compatible for Editor in 0.41 ms, found 0 plugins.
Preloading 0 native plugins for Editor in 0.00 ms.
Unloading 1131 Unused Serialized files (Serialized files now loaded: 0)
System memory in use before: 62.9 MB.
System memory in use after: 63.0 MB.

Unloading 5 unused Assets to reduce memory usage. Loaded Objects now: 1607.
Total: 2.479600 ms (FindLiveObjects: 0.184800 ms CreateObjectMapping: 0.046800 ms MarkObjects: 2.171500 ms  DeleteObjects: 0.074500 ms)

========================================================================
Received Prepare
Registering precompiled user dll's ...
Registered in 0.000938 seconds.
Begin MonoManager ReloadAssembly
Native extension for WindowsStandalone target not found
Refreshing native plugins compatible for Editor in 0.23 ms, found 0 plugins.
Preloading 0 native plugins for Editor in 0.00 ms.
Invoked RoslynAnalysisRunner static constructor.
RoslynAnalysisRunner will not be running.
RoslynAnalysisRunner has terminated.
Mono: successfully reloaded assembly
- Completed reload, in  1.481 seconds
Platform modules already initialized, skipping
Refreshing native plugins compatible for Editor in 0.23 ms, found 0 plugins.
Preloading 0 native plugins for Editor in 0.00 ms.
Unloading 1131 Unused Serialized files (Serialized files now loaded: 0)
System memory in use before: 63.0 MB.
System memory in use after: 63.0 MB.

Unloading 5 unused Assets to reduce memory usage. Loaded Objects now: 1609.
Total: 2.605600 ms (FindLiveObjects: 0.172100 ms CreateObjectMapping: 0.066400 ms MarkObjects: 2.264600 ms  DeleteObjects: 0.087100 ms)

========================================================================
Received Prepare
Registering precompiled user dll's ...
Registered in 0.000993 seconds.
Begin MonoManager ReloadAssembly
Native extension for WindowsStandalone target not found
Refreshing native plugins compatible for Editor in 0.22 ms, found 0 plugins.
Preloading 0 native plugins for Editor in 0.00 ms.
Invoked RoslynAnalysisRunner static constructor.
RoslynAnalysisRunner will not be running.
RoslynAnalysisRunner has terminated.
Mono: successfully reloaded assembly
- Completed reload, in  1.024 seconds
Platform modules already initialized, skipping
Refreshing native plugins compatible for Editor in 0.27 ms, found 0 plugins.
Preloading 0 native plugins for Editor in 0.00 ms.
Unloading 1131 Unused Serialized files (Serialized files now loaded: 0)
System memory in use before: 63.4 MB.
System memory in use after: 63.5 MB.

Unloading 5 unused Assets to reduce memory usage. Loaded Objects now: 1611.
Total: 2.424100 ms (FindLiveObjects: 0.153500 ms CreateObjectMapping: 0.042100 ms MarkObjects: 2.158000 ms  DeleteObjects: 0.069200 ms)

========================================================================
Received Prepare
Registering precompiled user dll's ...
Registered in 0.001171 seconds.
Begin MonoManager ReloadAssembly
Native extension for WindowsStandalone target not found
Refreshing native plugins compatible for Editor in 0.22 ms, found 0 plugins.
Preloading 0 native plugins for Editor in 0.00 ms.
Invoked RoslynAnalysisRunner static constructor.
RoslynAnalysisRunner will not be running.
RoslynAnalysisRunner has terminated.
Mono: successfully reloaded assembly
- Completed reload, in  1.004 seconds
Platform modules already initialized, skipping
Refreshing native plugins compatible for Editor in 0.24 ms, found 0 plugins.
Preloading 0 native plugins for Editor in 0.00 ms.
Unloading 1131 Unused Serialized files (Serialized files now loaded: 0)
System memory in use before: 63.6 MB.
System memory in use after: 63.7 MB.

Unloading 5 unused Assets to reduce memory usage. Loaded Objects now: 1613.
Total: 2.155100 ms (FindLiveObjects: 0.212700 ms CreateObjectMapping: 0.056800 ms MarkObjects: 1.818900 ms  DeleteObjects: 0.065400 ms)

========================================================================
Received Prepare
Registering precompiled user dll's ...
Registered in 0.000882 seconds.
Begin MonoManager ReloadAssembly
Native extension for WindowsStandalone target not found
Refreshing native plugins compatible for Editor in 0.22 ms, found 0 plugins.
Preloading 0 native plugins for Editor in 0.00 ms.
Invoked RoslynAnalysisRunner static constructor.
RoslynAnalysisRunner will not be running.
RoslynAnalysisRunner has terminated.
Mono: successfully reloaded assembly
- Completed reload, in  1.370 seconds
Platform modules already initialized, skipping
Refreshing native plugins compatible for Editor in 0.26 ms, found 0 plugins.
Preloading 0 native plugins for Editor in 0.00 ms.
Unloading 1131 Unused Serialized files (Serialized files now loaded: 0)
System memory in use before: 63.9 MB.
System memory in use after: 63.9 MB.

Unloading 5 unused Assets to reduce memory usage. Loaded Objects now: 1615.
Total: 1.924800 ms (FindLiveObjects: 0.270200 ms CreateObjectMapping: 0.041400 ms MarkObjects: 1.513800 ms  DeleteObjects: 0.098500 ms)

========================================================================
Received Import Request.
  Time since last request: 401.820793 seconds.
  path: Assets/Prefabs/Monster.prefab
  artifactKey: Guid(f435129b8e3d065449e2511b2e0d7302) Importer(815301076,1909f56bfc062723c751e8b465ee728b)
Start importing Assets/Prefabs/Monster.prefab using Guid(f435129b8e3d065449e2511b2e0d7302) Importer(815301076,1909f56bfc062723c751e8b465ee728b)  -> (artifact id: '0133045028e8cd3696251371ba090773') in 0.105764 seconds
  Import took 0.108252 seconds .

========================================================================
Received Import Request.
  Time since last request: 0.000292 seconds.
  path: Assets/Prefabs/Player.prefab
  artifactKey: Guid(f7d7ba93321aa8a4dbb85c6103f93ed8) Importer(815301076,1909f56bfc062723c751e8b465ee728b)
Start importing Assets/Prefabs/Player.prefab using Guid(f7d7ba93321aa8a4dbb85c6103f93ed8) Importer(815301076,1909f56bfc062723c751e8b465ee728b)  -> (artifact id: 'd36542afc4521bdc545fc47c00c67e24') in 0.186194 seconds
  Import took 0.188727 seconds .

========================================================================
Received Import Request.
  Time since last request: 10.548626 seconds.
  path: Assets/Prefabs/Police.prefab
  artifactKey: Guid(7879b3403ea2d404fbd8b2e9e45941e7) Importer(815301076,1909f56bfc062723c751e8b465ee728b)
Start importing Assets/Prefabs/Police.prefab using Guid(7879b3403ea2d404fbd8b2e9e45941e7) Importer(815301076,1909f56bfc062723c751e8b465ee728b)  -> (artifact id: '198f17150b2ce80797fcb9e9ed9feb66') in 0.097678 seconds
  Import took 0.100428 seconds .

========================================================================
Received Import Request.
  Time since last request: 0.025204 seconds.
  path: Assets/Prefabs/Police.prefab
  artifactKey: Guid(7879b3403ea2d404fbd8b2e9e45941e7) Importer(815301076,1909f56bfc062723c751e8b465ee728b)
Start importing Assets/Prefabs/Police.prefab using Guid(7879b3403ea2d404fbd8b2e9e45941e7) Importer(815301076,1909f56bfc062723c751e8b465ee728b)  -> (artifact id: '198f17150b2ce80797fcb9e9ed9feb66') in 0.074902 seconds
  Import took 0.077646 seconds .

========================================================================
Received Import Request.
  Time since last request: 8.903145 seconds.
  path: Assets/Materials/BuildingTest.mat
  artifactKey: Guid(891d327d1a78dca4fb8899aa9186d397) Importer(815301076,1909f56bfc062723c751e8b465ee728b)
Start importing Assets/Materials/BuildingTest.mat using Guid(891d327d1a78dca4fb8899aa9186d397) Importer(815301076,1909f56bfc062723c751e8b465ee728b)  -> (artifact id: 'b896428222f7acd1fad2ca912c149499') in 0.559995 seconds
  Import took 0.564693 seconds .

========================================================================
Received Import Request.
  Time since last request: 5.544656 seconds.
  path: Assets/Materials/Police.mat
  artifactKey: Guid(664d0bf4a67b7554ab8ff5ff79da90c7) Importer(815301076,1909f56bfc062723c751e8b465ee728b)
Start importing Assets/Materials/Police.mat using Guid(664d0bf4a67b7554ab8ff5ff79da90c7) Importer(815301076,1909f56bfc062723c751e8b465ee728b)  -> (artifact id: 'c33bb63ce16cd114af4bcfb6121b6fee') in 0.035333 seconds
  Import took 0.037943 seconds .

========================================================================
Received Prepare
Registering precompiled user dll's ...
Registered in 0.002460 seconds.
Begin MonoManager ReloadAssembly
Native extension for WindowsStandalone target not found
Refreshing native plugins compatible for Editor in 0.27 ms, found 0 plugins.
Preloading 0 native plugins for Editor in 0.00 ms.
Invoked RoslynAnalysisRunner static constructor.
RoslynAnalysisRunner will not be running.
RoslynAnalysisRunner has terminated.
Mono: successfully reloaded assembly
- Completed reload, in  1.839 seconds
Platform modules already initialized, skipping
Refreshing native plugins compatible for Editor in 0.87 ms, found 0 plugins.
Preloading 0 native plugins for Editor in 0.00 ms.
Unloading 1131 Unused Serialized files (Serialized files now loaded: 0)
System memory in use before: 64.2 MB.
System memory in use after: 64.3 MB.

Unloading 5 unused Assets to reduce memory usage. Loaded Objects now: 1651.
Total: 2.172000 ms (FindLiveObjects: 0.190800 ms CreateObjectMapping: 0.057300 ms MarkObjects: 1.865300 ms  DeleteObjects: 0.057100 ms)

========================================================================
Received Prepare
Registering precompiled user dll's ...
Registered in 0.001237 seconds.
Begin MonoManager ReloadAssembly
Native extension for WindowsStandalone target not found
Refreshing native plugins compatible for Editor in 0.63 ms, found 0 plugins.
Preloading 0 native plugins for Editor in 0.00 ms.
Invoked RoslynAnalysisRunner static constructor.
RoslynAnalysisRunner will not be running.
RoslynAnalysisRunner has terminated.
Mono: successfully reloaded assembly
- Completed reload, in  2.188 seconds
Platform modules already initialized, skipping
Refreshing native plugins compatible for Editor in 1.05 ms, found 0 plugins.
Preloading 0 native plugins for Editor in 0.00 ms.
Unloading 1131 Unused Serialized files (Serialized files now loaded: 0)
System memory in use before: 63.6 MB.
System memory in use after: 63.7 MB.

Unloading 5 unused Assets to reduce memory usage. Loaded Objects now: 1653.
Total: 3.250100 ms (FindLiveObjects: 0.191300 ms CreateObjectMapping: 0.057800 ms MarkObjects: 2.927300 ms  DeleteObjects: 0.071800 ms)

========================================================================
Received Prepare
Registering precompiled user dll's ...
Registered in 0.024414 seconds.
Begin MonoManager ReloadAssembly
Native extension for WindowsStandalone target not found
Refreshing native plugins compatible for Editor in 2.79 ms, found 0 plugins.
Preloading 0 native plugins for Editor in 0.00 ms.
Invoked RoslynAnalysisRunner static constructor.
RoslynAnalysisRunner will not be running.
RoslynAnalysisRunner has terminated.
Mono: successfully reloaded assembly
- Completed reload, in  2.176 seconds
Platform modules already initialized, skipping
Refreshing native plugins compatible for Editor in 0.34 ms, found 0 plugins.
Preloading 0 native plugins for Editor in 0.00 ms.
Unloading 1131 Unused Serialized files (Serialized files now loaded: 0)
System memory in use before: 63.8 MB.
System memory in use after: 63.9 MB.

Unloading 5 unused Assets to reduce memory usage. Loaded Objects now: 1655.
Total: 2.880700 ms (FindLiveObjects: 0.341800 ms CreateObjectMapping: 0.142000 ms MarkObjects: 2.334200 ms  DeleteObjects: 0.059900 ms)

========================================================================
Received Prepare
Registering precompiled user dll's ...
Registered in 0.001255 seconds.
Begin MonoManager ReloadAssembly
Native extension for WindowsStandalone target not found
Refreshing native plugins compatible for Editor in 1.68 ms, found 0 plugins.
Preloading 0 native plugins for Editor in 0.00 ms.
Invoked RoslynAnalysisRunner static constructor.
RoslynAnalysisRunner will not be running.
RoslynAnalysisRunner has terminated.
Mono: successfully reloaded assembly
- Completed reload, in  2.545 seconds
Platform modules already initialized, skipping
Refreshing native plugins compatible for Editor in 1.12 ms, found 0 plugins.
Preloading 0 native plugins for Editor in 0.00 ms.
Unloading 1131 Unused Serialized files (Serialized files now loaded: 0)
System memory in use before: 64.1 MB.
System memory in use after: 64.1 MB.

Unloading 5 unused Assets to reduce memory usage. Loaded Objects now: 1657.
Total: 2.956600 ms (FindLiveObjects: 0.175000 ms CreateObjectMapping: 0.045100 ms MarkObjects: 2.640900 ms  DeleteObjects: 0.093500 ms)

========================================================================
Received Import Request.
  Time since last request: 76.739910 seconds.
  path: Assets/Materials/Police.mat
  artifactKey: Guid(664d0bf4a67b7554ab8ff5ff79da90c7) Importer(815301076,1909f56bfc062723c751e8b465ee728b)
Start importing Assets/Materials/Police.mat using Guid(664d0bf4a67b7554ab8ff5ff79da90c7) Importer(815301076,1909f56bfc062723c751e8b465ee728b)  -> (artifact id: '47a4f30ca5056a2c7a0ed919785e20ae') in 0.115942 seconds
  Import took 0.118550 seconds .

========================================================================
Received Import Request.
  Time since last request: 85.838944 seconds.
  path: Assets/Prefabs/Police.prefab
  artifactKey: Guid(7879b3403ea2d404fbd8b2e9e45941e7) Importer(815301076,1909f56bfc062723c751e8b465ee728b)
Start importing Assets/Prefabs/Police.prefab using Guid(7879b3403ea2d404fbd8b2e9e45941e7) Importer(815301076,1909f56bfc062723c751e8b465ee728b)  -> (artifact id: 'f686b54917d025b73bd45c3d3122d71c') in 0.040507 seconds
  Import took 0.044221 seconds .

========================================================================
Received Prepare
Registering precompiled user dll's ...
Registered in 0.005337 seconds.
Begin MonoManager ReloadAssembly
Native extension for WindowsStandalone target not found
Refreshing native plugins compatible for Editor in 0.27 ms, found 0 plugins.
Preloading 0 native plugins for Editor in 0.00 ms.
Invoked RoslynAnalysisRunner static constructor.
RoslynAnalysisRunner will not be running.
RoslynAnalysisRunner has terminated.
Mono: successfully reloaded assembly
- Completed reload, in  1.145 seconds
Platform modules already initialized, skipping
Refreshing native plugins compatible for Editor in 0.29 ms, found 0 plugins.
Preloading 0 native plugins for Editor in 0.00 ms.
Unloading 1131 Unused Serialized files (Serialized files now loaded: 0)
System memory in use before: 64.1 MB.
System memory in use after: 64.2 MB.

Unloading 5 unused Assets to reduce memory usage. Loaded Objects now: 1660.
Total: 4.208400 ms (FindLiveObjects: 0.475600 ms CreateObjectMapping: 0.156900 ms MarkObjects: 3.462300 ms  DeleteObjects: 0.110100 ms)

========================================================================
Received Import Request.
  Time since last request: 6.325615 seconds.
  path: Assets/Prefabs/Police.prefab
  artifactKey: Guid(7879b3403ea2d404fbd8b2e9e45941e7) Importer(815301076,1909f56bfc062723c751e8b465ee728b)
Start importing Assets/Prefabs/Police.prefab using Guid(7879b3403ea2d404fbd8b2e9e45941e7) Importer(815301076,1909f56bfc062723c751e8b465ee728b)  -> (artifact id: '91010f6e13e3fab25c94118181f1497c') in 0.080059 seconds
  Import took 0.082718 seconds .

========================================================================
Received Import Request.
  Time since last request: 1.650227 seconds.
  path: Assets/Prefabs/Police.prefab
  artifactKey: Guid(7879b3403ea2d404fbd8b2e9e45941e7) Importer(815301076,1909f56bfc062723c751e8b465ee728b)
Start importing Assets/Prefabs/Police.prefab using Guid(7879b3403ea2d404fbd8b2e9e45941e7) Importer(815301076,1909f56bfc062723c751e8b465ee728b)  -> (artifact id: '91010f6e13e3fab25c94118181f1497c') in 0.015619 seconds
  Import took 0.019468 seconds .

========================================================================
Received Prepare
Registering precompiled user dll's ...
Registered in 0.003735 seconds.
Begin MonoManager ReloadAssembly
Native extension for WindowsStandalone target not found
Refreshing native plugins compatible for Editor in 0.25 ms, found 0 plugins.
Preloading 0 native plugins for Editor in 0.00 ms.
Invoked RoslynAnalysisRunner static constructor.
RoslynAnalysisRunner will not be running.
RoslynAnalysisRunner has terminated.
Mono: successfully reloaded assembly
- Completed reload, in  1.109 seconds
Platform modules already initialized, skipping
Refreshing native plugins compatible for Editor in 0.26 ms, found 0 plugins.
Preloading 0 native plugins for Editor in 0.00 ms.
Unloading 1131 Unused Serialized files (Serialized files now loaded: 0)
System memory in use before: 63.4 MB.
System memory in use after: 63.5 MB.

Unloading 5 unused Assets to reduce memory usage. Loaded Objects now: 1663.
Total: 1.977400 ms (FindLiveObjects: 0.180500 ms CreateObjectMapping: 0.071300 ms MarkObjects: 1.665600 ms  DeleteObjects: 0.058100 ms)

========================================================================
Received Prepare
Registering precompiled user dll's ...
Registered in 0.001307 seconds.
Begin MonoManager ReloadAssembly
Native extension for WindowsStandalone target not found
Refreshing native plugins compatible for Editor in 0.33 ms, found 0 plugins.
Preloading 0 native plugins for Editor in 0.00 ms.
Invoked RoslynAnalysisRunner static constructor.
RoslynAnalysisRunner will not be running.
RoslynAnalysisRunner has terminated.
Mono: successfully reloaded assembly
- Completed reload, in  1.464 seconds
Platform modules already initialized, skipping
Refreshing native plugins compatible for Editor in 0.26 ms, found 0 plugins.
Preloading 0 native plugins for Editor in 0.00 ms.
Unloading 1131 Unused Serialized files (Serialized files now loaded: 0)
System memory in use before: 63.7 MB.
System memory in use after: 63.7 MB.

Unloading 5 unused Assets to reduce memory usage. Loaded Objects now: 1665.
Total: 2.438400 ms (FindLiveObjects: 0.307200 ms CreateObjectMapping: 0.052500 ms MarkObjects: 1.990900 ms  DeleteObjects: 0.086400 ms)

========================================================================
Received Import Request.
  Time since last request: 312.269987 seconds.
  path: Assets/Prefabs/Monster.prefab
  artifactKey: Guid(f435129b8e3d065449e2511b2e0d7302) Importer(815301076,1909f56bfc062723c751e8b465ee728b)
Start importing Assets/Prefabs/Monster.prefab using Guid(f435129b8e3d065449e2511b2e0d7302) Importer(815301076,1909f56bfc062723c751e8b465ee728b)  -> (artifact id: '2bacc8603a5b2788bf5dd3e2a2d8368d') in 0.082281 seconds
  Import took 0.086266 seconds .

========================================================================
Received Import Request.
  Time since last request: 0.001749 seconds.
  path: Assets/Prefabs/Police.prefab
  artifactKey: Guid(7879b3403ea2d404fbd8b2e9e45941e7) Importer(815301076,1909f56bfc062723c751e8b465ee728b)
Start importing Assets/Prefabs/Police.prefab using Guid(7879b3403ea2d404fbd8b2e9e45941e7) Importer(815301076,1909f56bfc062723c751e8b465ee728b)  -> (artifact id: '8dba30d3005b6e699198bd64871f5513') in 0.021293 seconds
  Import took 0.023616 seconds .

========================================================================
Received Import Request.
  Time since last request: 0.022102 seconds.
  path: Assets/Prefabs/Police.prefab
  artifactKey: Guid(7879b3403ea2d404fbd8b2e9e45941e7) Importer(815301076,1909f56bfc062723c751e8b465ee728b)
Start importing Assets/Prefabs/Police.prefab using Guid(7879b3403ea2d404fbd8b2e9e45941e7) Importer(815301076,1909f56bfc062723c751e8b465ee728b)  -> (artifact id: '8dba30d3005b6e699198bd64871f5513') in 0.016454 seconds
  Import took 0.019352 seconds .

========================================================================
Received Import Request.
  Time since last request: 1.834170 seconds.
  path: ProjectSettings/TagManager.asset
  artifactKey: Guid(00000000000000003000000000000000) Importer(815301076,1909f56bfc062723c751e8b465ee728b)
Start importing ProjectSettings/TagManager.asset using Guid(00000000000000003000000000000000) Importer(815301076,1909f56bfc062723c751e8b465ee728b)  -> (artifact id: '3b2399e95c78ccba77a19e25772f5743') in 0.030003 seconds
  Import took 0.033130 seconds .

========================================================================
Received Import Request.
  Time since last request: 0.005183 seconds.
  path: Assets/Prefabs/Police.prefab
  artifactKey: Guid(7879b3403ea2d404fbd8b2e9e45941e7) Importer(815301076,1909f56bfc062723c751e8b465ee728b)
Start importing Assets/Prefabs/Police.prefab using Guid(7879b3403ea2d404fbd8b2e9e45941e7) Importer(815301076,1909f56bfc062723c751e8b465ee728b)  -> (artifact id: '6378755158e4ae655b600a48a54c7820') in 0.031484 seconds
  Import took 0.038110 seconds .

========================================================================
Received Import Request.
  Time since last request: 5.985075 seconds.
  path: Assets/Prefabs/Police.prefab
  artifactKey: Guid(7879b3403ea2d404fbd8b2e9e45941e7) Importer(815301076,1909f56bfc062723c751e8b465ee728b)
Start importing Assets/Prefabs/Police.prefab using Guid(7879b3403ea2d404fbd8b2e9e45941e7) Importer(815301076,1909f56bfc062723c751e8b465ee728b)  -> (artifact id: '6d97683f0e8f185791bca5defcf42ab4') in 0.230999 seconds
  Import took 0.235683 seconds .

========================================================================
Received Prepare
Registering precompiled user dll's ...
Registered in 0.001023 seconds.
Begin MonoManager ReloadAssembly
Native extension for WindowsStandalone target not found
Refreshing native plugins compatible for Editor in 0.24 ms, found 0 plugins.
Preloading 0 native plugins for Editor in 0.00 ms.
Invoked RoslynAnalysisRunner static constructor.
RoslynAnalysisRunner will not be running.
RoslynAnalysisRunner has terminated.
Mono: successfully reloaded assembly
- Completed reload, in  1.182 seconds
Platform modules already initialized, skipping
Refreshing native plugins compatible for Editor in 0.26 ms, found 0 plugins.
Preloading 0 native plugins for Editor in 0.00 ms.
Unloading 1131 Unused Serialized files (Serialized files now loaded: 0)
System memory in use before: 63.9 MB.
System memory in use after: 64.0 MB.

Unloading 6 unused Assets to reduce memory usage. Loaded Objects now: 1668.
Total: 3.205800 ms (FindLiveObjects: 0.420400 ms CreateObjectMapping: 0.084900 ms MarkObjects: 2.595900 ms  DeleteObjects: 0.102300 ms)

========================================================================
Received Prepare
Registering precompiled user dll's ...
Registered in 0.001172 seconds.
Begin MonoManager ReloadAssembly
Native extension for WindowsStandalone target not found
Refreshing native plugins compatible for Editor in 0.26 ms, found 0 plugins.
Preloading 0 native plugins for Editor in 0.00 ms.
Invoked RoslynAnalysisRunner static constructor.
RoslynAnalysisRunner will not be running.
RoslynAnalysisRunner has terminated.
Mono: successfully reloaded assembly
- Completed reload, in  1.238 seconds
Platform modules already initialized, skipping
Refreshing native plugins compatible for Editor in 0.57 ms, found 0 plugins.
Preloading 0 native plugins for Editor in 0.00 ms.
Unloading 1131 Unused Serialized files (Serialized files now loaded: 0)
System memory in use before: 64.2 MB.
System memory in use after: 64.2 MB.

Unloading 5 unused Assets to reduce memory usage. Loaded Objects now: 1670.
Total: 6.100400 ms (FindLiveObjects: 0.746500 ms CreateObjectMapping: 0.150800 ms MarkObjects: 5.122300 ms  DeleteObjects: 0.078700 ms)

========================================================================
Received Import Request.
  Time since last request: 111.926133 seconds.
  path: Assets/Prefabs/Police.prefab
  artifactKey: Guid(7879b3403ea2d404fbd8b2e9e45941e7) Importer(815301076,1909f56bfc062723c751e8b465ee728b)
Start importing Assets/Prefabs/Police.prefab using Guid(7879b3403ea2d404fbd8b2e9e45941e7) Importer(815301076,1909f56bfc062723c751e8b465ee728b)  -> (artifact id: '58d698d7b260ce9f761cc1926073c512') in 0.094929 seconds
  Import took 0.182595 seconds .

========================================================================
Received Import Request.
  Time since last request: 0.484113 seconds.
  path: Assets/Prefabs/Police.prefab
  artifactKey: Guid(7879b3403ea2d404fbd8b2e9e45941e7) Importer(815301076,1909f56bfc062723c751e8b465ee728b)
Start importing Assets/Prefabs/Police.prefab using Guid(7879b3403ea2d404fbd8b2e9e45941e7) Importer(815301076,1909f56bfc062723c751e8b465ee728b)  -> (artifact id: '2c4c8bfc5396b248027265d0a52c977b') in 0.030113 seconds
  Import took 0.033218 seconds .

========================================================================
Received Import Request.
  Time since last request: 0.020053 seconds.
  path: Assets/Prefabs/Police.prefab
  artifactKey: Guid(7879b3403ea2d404fbd8b2e9e45941e7) Importer(815301076,1909f56bfc062723c751e8b465ee728b)
Start importing Assets/Prefabs/Police.prefab using Guid(7879b3403ea2d404fbd8b2e9e45941e7) Importer(815301076,1909f56bfc062723c751e8b465ee728b)  -> (artifact id: '2c4c8bfc5396b248027265d0a52c977b') in 0.047266 seconds
  Import took 0.051074 seconds .

========================================================================
Received Prepare
Registering precompiled user dll's ...
Registered in 0.001406 seconds.
Begin MonoManager ReloadAssembly
Native extension for WindowsStandalone target not found
Refreshing native plugins compatible for Editor in 1.31 ms, found 0 plugins.
Preloading 0 native plugins for Editor in 0.00 ms.
Invoked RoslynAnalysisRunner static constructor.
RoslynAnalysisRunner will not be running.
RoslynAnalysisRunner has terminated.
Mono: successfully reloaded assembly
- Completed reload, in  1.012 seconds
Platform modules already initialized, skipping
Refreshing native plugins compatible for Editor in 0.27 ms, found 0 plugins.
Preloading 0 native plugins for Editor in 0.00 ms.
Unloading 1131 Unused Serialized files (Serialized files now loaded: 0)
System memory in use before: 64.2 MB.
System memory in use after: 64.3 MB.

Unloading 5 unused Assets to reduce memory usage. Loaded Objects now: 1673.
Total: 2.086000 ms (FindLiveObjects: 0.220200 ms CreateObjectMapping: 0.044300 ms MarkObjects: 1.724300 ms  DeleteObjects: 0.095900 ms)

========================================================================
Received Prepare
Registering precompiled user dll's ...
Registered in 0.001069 seconds.
Begin MonoManager ReloadAssembly
Native extension for WindowsStandalone target not found
Refreshing native plugins compatible for Editor in 0.22 ms, found 0 plugins.
Preloading 0 native plugins for Editor in 0.00 ms.
Invoked RoslynAnalysisRunner static constructor.
RoslynAnalysisRunner will not be running.
RoslynAnalysisRunner has terminated.
Mono: successfully reloaded assembly
- Completed reload, in  1.201 seconds
Platform modules already initialized, skipping
Refreshing native plugins compatible for Editor in 0.50 ms, found 0 plugins.
Preloading 0 native plugins for Editor in 0.00 ms.
Unloading 1131 Unused Serialized files (Serialized files now loaded: 0)
System memory in use before: 63.6 MB.
System memory in use after: 63.7 MB.

Unloading 5 unused Assets to reduce memory usage. Loaded Objects now: 1675.
Total: 2.673200 ms (FindLiveObjects: 0.321800 ms CreateObjectMapping: 0.078800 ms MarkObjects: 2.178300 ms  DeleteObjects: 0.089300 ms)

========================================================================
Received Prepare
Registering precompiled user dll's ...
Registered in 0.000964 seconds.
Begin MonoManager ReloadAssembly
Native extension for WindowsStandalone target not found
Refreshing native plugins compatible for Editor in 0.26 ms, found 0 plugins.
Preloading 0 native plugins for Editor in 0.00 ms.
Invoked RoslynAnalysisRunner static constructor.
RoslynAnalysisRunner will not be running.
RoslynAnalysisRunner has terminated.
Mono: successfully reloaded assembly
- Completed reload, in  1.156 seconds
Platform modules already initialized, skipping
Refreshing native plugins compatible for Editor in 0.23 ms, found 0 plugins.
Preloading 0 native plugins for Editor in 0.00 ms.
Unloading 1131 Unused Serialized files (Serialized files now loaded: 0)
System memory in use before: 63.9 MB.
System memory in use after: 64.0 MB.

Unloading 5 unused Assets to reduce memory usage. Loaded Objects now: 1677.
Total: 2.009800 ms (FindLiveObjects: 0.245600 ms CreateObjectMapping: 0.065900 ms MarkObjects: 1.646300 ms  DeleteObjects: 0.050800 ms)

========================================================================
Received Prepare
Registering precompiled user dll's ...
Registered in 0.003828 seconds.
Begin MonoManager ReloadAssembly
Native extension for WindowsStandalone target not found
Refreshing native plugins compatible for Editor in 0.22 ms, found 0 plugins.
Preloading 0 native plugins for Editor in 0.00 ms.
Invoked RoslynAnalysisRunner static constructor.
RoslynAnalysisRunner will not be running.
RoslynAnalysisRunner has terminated.
Mono: successfully reloaded assembly
- Completed reload, in  1.303 seconds
Platform modules already initialized, skipping
Refreshing native plugins compatible for Editor in 0.29 ms, found 0 plugins.
Preloading 0 native plugins for Editor in 0.00 ms.
Unloading 1131 Unused Serialized files (Serialized files now loaded: 0)
System memory in use before: 64.1 MB.
System memory in use after: 64.2 MB.

Unloading 5 unused Assets to reduce memory usage. Loaded Objects now: 1679.
Total: 6.463300 ms (FindLiveObjects: 1.839900 ms CreateObjectMapping: 0.221800 ms MarkObjects: 4.304100 ms  DeleteObjects: 0.094700 ms)

========================================================================
Received Prepare
Registering precompiled user dll's ...
Registered in 0.001141 seconds.
Begin MonoManager ReloadAssembly
Native extension for WindowsStandalone target not found
Refreshing native plugins compatible for Editor in 0.93 ms, found 0 plugins.
Preloading 0 native plugins for Editor in 0.00 ms.
Invoked RoslynAnalysisRunner static constructor.
RoslynAnalysisRunner will not be running.
RoslynAnalysisRunner has terminated.
Mono: successfully reloaded assembly
- Completed reload, in  1.163 seconds
Platform modules already initialized, skipping
Refreshing native plugins compatible for Editor in 0.34 ms, found 0 plugins.
Preloading 0 native plugins for Editor in 0.00 ms.
Unloading 1131 Unused Serialized files (Serialized files now loaded: 0)
System memory in use before: 64.2 MB.
System memory in use after: 64.3 MB.

Unloading 5 unused Assets to reduce memory usage. Loaded Objects now: 1681.
Total: 4.809400 ms (FindLiveObjects: 0.379900 ms CreateObjectMapping: 0.101600 ms MarkObjects: 4.233100 ms  DeleteObjects: 0.091900 ms)

========================================================================
Received Prepare
Registering precompiled user dll's ...
Registered in 0.000931 seconds.
Begin MonoManager ReloadAssembly
Native extension for WindowsStandalone target not found
Refreshing native plugins compatible for Editor in 0.26 ms, found 0 plugins.
Preloading 0 native plugins for Editor in 0.00 ms.
Invoked RoslynAnalysisRunner static constructor.
RoslynAnalysisRunner will not be running.
RoslynAnalysisRunner has terminated.
Mono: successfully reloaded assembly
- Completed reload, in  1.216 seconds
Platform modules already initialized, skipping
Refreshing native plugins compatible for Editor in 0.35 ms, found 0 plugins.
Preloading 0 native plugins for Editor in 0.00 ms.
Unloading 1131 Unused Serialized files (Serialized files now loaded: 0)
System memory in use before: 63.6 MB.
System memory in use after: 63.7 MB.

Unloading 5 unused Assets to reduce memory usage. Loaded Objects now: 1683.
Total: 2.013400 ms (FindLiveObjects: 0.208700 ms CreateObjectMapping: 0.055400 ms MarkObjects: 1.692000 ms  DeleteObjects: 0.056000 ms)

========================================================================
Received Prepare
Registering precompiled user dll's ...
Registered in 0.000900 seconds.
Begin MonoManager ReloadAssembly
Native extension for WindowsStandalone target not found
Refreshing native plugins compatible for Editor in 0.48 ms, found 0 plugins.
Preloading 0 native plugins for Editor in 0.00 ms.
Invoked RoslynAnalysisRunner static constructor.
RoslynAnalysisRunner will not be running.
RoslynAnalysisRunner has terminated.
Mono: successfully reloaded assembly
- Completed reload, in  1.227 seconds
Platform modules already initialized, skipping
Refreshing native plugins compatible for Editor in 0.32 ms, found 0 plugins.
Preloading 0 native plugins for Editor in 0.00 ms.
Unloading 1131 Unused Serialized files (Serialized files now loaded: 0)
System memory in use before: 63.8 MB.
System memory in use after: 63.9 MB.

Unloading 5 unused Assets to reduce memory usage. Loaded Objects now: 1685.
Total: 1.919400 ms (FindLiveObjects: 0.195800 ms CreateObjectMapping: 0.062200 ms MarkObjects: 1.595100 ms  DeleteObjects: 0.051700 ms)

========================================================================
Received Prepare
Registering precompiled user dll's ...
Registered in 0.000963 seconds.
Begin MonoManager ReloadAssembly
Native extension for WindowsStandalone target not found
Refreshing native plugins compatible for Editor in 0.23 ms, found 0 plugins.
Preloading 0 native plugins for Editor in 0.00 ms.
Invoked RoslynAnalysisRunner static constructor.
RoslynAnalysisRunner will not be running.
RoslynAnalysisRunner has terminated.
Mono: successfully reloaded assembly
- Completed reload, in  1.125 seconds
Platform modules already initialized, skipping
Refreshing native plugins compatible for Editor in 0.27 ms, found 0 plugins.
Preloading 0 native plugins for Editor in 0.00 ms.
Unloading 1131 Unused Serialized files (Serialized files now loaded: 0)
System memory in use before: 64.1 MB.
System memory in use after: 64.2 MB.

Unloading 5 unused Assets to reduce memory usage. Loaded Objects now: 1687.
Total: 2.066500 ms (FindLiveObjects: 0.197800 ms CreateObjectMapping: 0.048800 ms MarkObjects: 1.762400 ms  DeleteObjects: 0.056300 ms)

========================================================================
Received Import Request.
  Time since last request: 646.542903 seconds.
  path: Assets/Art
  artifactKey: Guid(ea486140d1f2e184db40d660074afbd0) Importer(815301076,1909f56bfc062723c751e8b465ee728b)
Start importing Assets/Art using Guid(ea486140d1f2e184db40d660074afbd0) Importer(815301076,1909f56bfc062723c751e8b465ee728b)  -> (artifact id: '1efeeeaa06d840eded25970b47790c6d') in 0.046330 seconds
  Import took 0.049747 seconds .

========================================================================
Received Import Request.
  Time since last request: 0.590830 seconds.
  path: Assets/Art/Menu
  artifactKey: Guid(1fa9328938f5f4f4396aa9790e2fda3f) Importer(815301076,1909f56bfc062723c751e8b465ee728b)
Start importing Assets/Art/Menu using Guid(1fa9328938f5f4f4396aa9790e2fda3f) Importer(815301076,1909f56bfc062723c751e8b465ee728b)  -> (artifact id: '8956006077a4a165e90823d767672c33') in 0.016192 seconds
  Import took 0.018926 seconds .

========================================================================
Received Import Request.
  Time since last request: 0.068015 seconds.
  path: Assets/Art/Menu/Click2Play_.mp4
  artifactKey: Guid(4ee3d6145cf950648b006f501b1451bb) Importer(815301076,1909f56bfc062723c751e8b465ee728b)
Start importing Assets/Art/Menu/Click2Play_.mp4 using Guid(4ee3d6145cf950648b006f501b1451bb) Importer(815301076,1909f56bfc062723c751e8b465ee728b)  -> (artifact id: '6a538343dc39a6e6723e69637f0bdf19') in 0.216543 seconds
  Import took 0.221004 seconds .

========================================================================
Received Import Request.
  Time since last request: 0.000360 seconds.
  path: Assets/Art/Menu/TitleAnim.mp4
  artifactKey: Guid(7f3f76289aa213a4bb9e0e94e1bd2711) Importer(815301076,1909f56bfc062723c751e8b465ee728b)
Start importing Assets/Art/Menu/TitleAnim.mp4 using Guid(7f3f76289aa213a4bb9e0e94e1bd2711) Importer(815301076,1909f56bfc062723c751e8b465ee728b)  -> (artifact id: '4109423c85b16f648880f35e4edd49d5') in 0.023172 seconds
  Import took 0.025712 seconds .

========================================================================
Received Import Request.
  Time since last request: 0.000332 seconds.
  path: Assets/Art/Menu/ClickStill.png
  artifactKey: Guid(ea528a5b5b8155549920c15503497972) Importer(815301076,1909f56bfc062723c751e8b465ee728b)
Start importing Assets/Art/Menu/ClickStill.png using Guid(ea528a5b5b8155549920c15503497972) Importer(815301076,1909f56bfc062723c751e8b465ee728b)  -> (artifact id: '50f2cd47a534e817c544e4a4f6bbe6f6') in 0.206136 seconds
  Import took 0.209154 seconds .

========================================================================
Received Import Request.
  Time since last request: 0.000474 seconds.
  path: Assets/Art/Menu/TitleStill.png
  artifactKey: Guid(cc8d8391daf2b274e8fdf88d172db39b) Importer(815301076,1909f56bfc062723c751e8b465ee728b)
Start importing Assets/Art/Menu/TitleStill.png using Guid(cc8d8391daf2b274e8fdf88d172db39b) Importer(815301076,1909f56bfc062723c751e8b465ee728b)  -> (artifact id: '04495e01f540dcb75f31912ad3d9020d') in 0.049223 seconds
  Import took 0.052632 seconds .

========================================================================
Received Prepare
Registering precompiled user dll's ...
Registered in 0.001871 seconds.
Begin MonoManager ReloadAssembly
Native extension for WindowsStandalone target not found
Refreshing native plugins compatible for Editor in 0.23 ms, found 0 plugins.
Preloading 0 native plugins for Editor in 0.00 ms.
Invoked RoslynAnalysisRunner static constructor.
RoslynAnalysisRunner will not be running.
RoslynAnalysisRunner has terminated.
Mono: successfully reloaded assembly
- Completed reload, in  1.289 seconds
Platform modules already initialized, skipping
Refreshing native plugins compatible for Editor in 0.26 ms, found 0 plugins.
Preloading 0 native plugins for Editor in 0.00 ms.
Unloading 1131 Unused Serialized files (Serialized files now loaded: 0)
System memory in use before: 64.2 MB.
System memory in use after: 64.3 MB.

Unloading 5 unused Assets to reduce memory usage. Loaded Objects now: 1691.
Total: 6.945700 ms (FindLiveObjects: 0.570000 ms CreateObjectMapping: 0.118000 ms MarkObjects: 6.149600 ms  DeleteObjects: 0.102500 ms)

========================================================================
Received Prepare
Registering precompiled user dll's ...
Registered in 0.001702 seconds.
Begin MonoManager ReloadAssembly
Native extension for WindowsStandalone target not found
Refreshing native plugins compatible for Editor in 1.23 ms, found 0 plugins.
Preloading 0 native plugins for Editor in 0.00 ms.
Invoked RoslynAnalysisRunner static constructor.
RoslynAnalysisRunner will not be running.
RoslynAnalysisRunner has terminated.
Mono: successfully reloaded assembly
- Completed reload, in  2.015 seconds
Platform modules already initialized, skipping
Refreshing native plugins compatible for Editor in 0.62 ms, found 0 plugins.
Preloading 0 native plugins for Editor in 0.00 ms.
Unloading 1131 Unused Serialized files (Serialized files now loaded: 0)
System memory in use before: 63.6 MB.
System memory in use after: 63.6 MB.

Unloading 5 unused Assets to reduce memory usage. Loaded Objects now: 1693.
Total: 2.454800 ms (FindLiveObjects: 0.468200 ms CreateObjectMapping: 0.061800 ms MarkObjects: 1.836900 ms  DeleteObjects: 0.086500 ms)

========================================================================
Received Prepare
Registering precompiled user dll's ...
Registered in 0.001031 seconds.
Begin MonoManager ReloadAssembly
Native extension for WindowsStandalone target not found
Refreshing native plugins compatible for Editor in 0.36 ms, found 0 plugins.
Preloading 0 native plugins for Editor in 0.00 ms.
Invoked RoslynAnalysisRunner static constructor.
RoslynAnalysisRunner will not be running.
RoslynAnalysisRunner has terminated.
Mono: successfully reloaded assembly
- Completed reload, in  2.546 seconds
Platform modules already initialized, skipping
Refreshing native plugins compatible for Editor in 0.47 ms, found 0 plugins.
Preloading 0 native plugins for Editor in 0.00 ms.
Unloading 1131 Unused Serialized files (Serialized files now loaded: 0)
System memory in use before: 63.8 MB.
System memory in use after: 63.9 MB.

Unloading 5 unused Assets to reduce memory usage. Loaded Objects now: 1695.
Total: 10.407100 ms (FindLiveObjects: 0.788200 ms CreateObjectMapping: 0.068500 ms MarkObjects: 9.462200 ms  DeleteObjects: 0.084200 ms)

========================================================================
Received Prepare
Registering precompiled user dll's ...
Registered in 0.001358 seconds.
Begin MonoManager ReloadAssembly
Native extension for WindowsStandalone target not found
Refreshing native plugins compatible for Editor in 0.23 ms, found 0 plugins.
Preloading 0 native plugins for Editor in 0.00 ms.
Invoked RoslynAnalysisRunner static constructor.
RoslynAnalysisRunner will not be running.
RoslynAnalysisRunner has terminated.
Mono: successfully reloaded assembly
- Completed reload, in  1.347 seconds
Platform modules already initialized, skipping
Refreshing native plugins compatible for Editor in 0.45 ms, found 0 plugins.
Preloading 0 native plugins for Editor in 0.00 ms.
Unloading 1131 Unused Serialized files (Serialized files now loaded: 0)
System memory in use before: 64.0 MB.
System memory in use after: 64.1 MB.

Unloading 5 unused Assets to reduce memory usage. Loaded Objects now: 1697.
Total: 1.677700 ms (FindLiveObjects: 0.171200 ms CreateObjectMapping: 0.043700 ms MarkObjects: 1.397300 ms  DeleteObjects: 0.050800 ms)

========================================================================
Received Import Request.
  Time since last request: 538.242864 seconds.
  path: Assets/Art/Menu/Image.renderTexture
  artifactKey: Guid(4981ed70fbaac71458f98ed19d26f391) Importer(815301076,1909f56bfc062723c751e8b465ee728b)
Start importing Assets/Art/Menu/Image.renderTexture using Guid(4981ed70fbaac71458f98ed19d26f391) Importer(815301076,1909f56bfc062723c751e8b465ee728b)  -> (artifact id: 'de8cd389b2c5df5bbcbb23d730252116') in 0.117201 seconds
  Import took 0.121572 seconds .

========================================================================
Received Prepare
Registering precompiled user dll's ...
Registered in 0.001117 seconds.
Begin MonoManager ReloadAssembly
Native extension for WindowsStandalone target not found
Refreshing native plugins compatible for Editor in 0.23 ms, found 0 plugins.
Preloading 0 native plugins for Editor in 0.00 ms.
Invoked RoslynAnalysisRunner static constructor.
RoslynAnalysisRunner will not be running.
RoslynAnalysisRunner has terminated.
Mono: successfully reloaded assembly
- Completed reload, in  1.899 seconds
Platform modules already initialized, skipping
Refreshing native plugins compatible for Editor in 0.57 ms, found 0 plugins.
Preloading 0 native plugins for Editor in 0.00 ms.
Unloading 1131 Unused Serialized files (Serialized files now loaded: 0)
System memory in use before: 64.3 MB.
System memory in use after: 64.4 MB.

Unloading 5 unused Assets to reduce memory usage. Loaded Objects now: 1701.
Total: 4.296400 ms (FindLiveObjects: 0.560900 ms CreateObjectMapping: 0.117800 ms MarkObjects: 3.488500 ms  DeleteObjects: 0.125800 ms)

========================================================================
Received Prepare
Registering precompiled user dll's ...
Registered in 0.001057 seconds.
Begin MonoManager ReloadAssembly
Native extension for WindowsStandalone target not found
Refreshing native plugins compatible for Editor in 0.25 ms, found 0 plugins.
Preloading 0 native plugins for Editor in 0.00 ms.
Invoked RoslynAnalysisRunner static constructor.
RoslynAnalysisRunner will not be running.
RoslynAnalysisRunner has terminated.
Mono: successfully reloaded assembly
- Completed reload, in  1.279 seconds
Platform modules already initialized, skipping
Refreshing native plugins compatible for Editor in 0.25 ms, found 0 plugins.
Preloading 0 native plugins for Editor in 0.00 ms.
Unloading 1131 Unused Serialized files (Serialized files now loaded: 0)
System memory in use before: 63.6 MB.
System memory in use after: 63.7 MB.

Unloading 5 unused Assets to reduce memory usage. Loaded Objects now: 1703.
Total: 4.596900 ms (FindLiveObjects: 0.698600 ms CreateObjectMapping: 0.185900 ms MarkObjects: 3.578200 ms  DeleteObjects: 0.130800 ms)

========================================================================
Received Import Request.
  Time since last request: 500.617148 seconds.
  path: Assets/Art/Menu/TitleImage.renderTexture
  artifactKey: Guid(4981ed70fbaac71458f98ed19d26f391) Importer(815301076,1909f56bfc062723c751e8b465ee728b)
Start importing Assets/Art/Menu/TitleImage.renderTexture using Guid(4981ed70fbaac71458f98ed19d26f391) Importer(815301076,1909f56bfc062723c751e8b465ee728b)  -> (artifact id: 'c2ac9e7b8f6e1b3f760638dfd11afca5') in 0.076495 seconds
  Import took 0.079509 seconds .

========================================================================
Received Prepare
Registering precompiled user dll's ...
Registered in 0.001761 seconds.
Begin MonoManager ReloadAssembly
Native extension for WindowsStandalone target not found
Refreshing native plugins compatible for Editor in 0.23 ms, found 0 plugins.
Preloading 0 native plugins for Editor in 0.00 ms.
Invoked RoslynAnalysisRunner static constructor.
RoslynAnalysisRunner will not be running.
RoslynAnalysisRunner has terminated.
Mono: successfully reloaded assembly
- Completed reload, in  1.136 seconds
Platform modules already initialized, skipping
Refreshing native plugins compatible for Editor in 0.98 ms, found 0 plugins.
Preloading 0 native plugins for Editor in 0.00 ms.
Unloading 1131 Unused Serialized files (Serialized files now loaded: 0)
System memory in use before: 63.8 MB.
System memory in use after: 63.9 MB.

Unloading 5 unused Assets to reduce memory usage. Loaded Objects now: 1706.
Total: 2.720900 ms (FindLiveObjects: 0.212200 ms CreateObjectMapping: 0.051700 ms MarkObjects: 2.135900 ms  DeleteObjects: 0.319800 ms)

========================================================================
Received Import Request.
  Time since last request: 63.634112 seconds.
  path: Assets/Art/Menu/PressStartImage.renderTexture
  artifactKey: Guid(126e47fe0aba9ad4690308fb7a78b11b) Importer(815301076,1909f56bfc062723c751e8b465ee728b)
Start importing Assets/Art/Menu/PressStartImage.renderTexture using Guid(126e47fe0aba9ad4690308fb7a78b11b) Importer(815301076,1909f56bfc062723c751e8b465ee728b)  -> (artifact id: '40bccbe5ee3a0a50dec96d543aa43ec6') in 0.064258 seconds
  Import took 0.066623 seconds .

========================================================================
Received Prepare
Registering precompiled user dll's ...
Registered in 0.001767 seconds.
Begin MonoManager ReloadAssembly
Native extension for WindowsStandalone target not found
Refreshing native plugins compatible for Editor in 0.38 ms, found 0 plugins.
Preloading 0 native plugins for Editor in 0.00 ms.
Invoked RoslynAnalysisRunner static constructor.
RoslynAnalysisRunner will not be running.
RoslynAnalysisRunner has terminated.
Mono: successfully reloaded assembly
- Completed reload, in  1.130 seconds
Platform modules already initialized, skipping
Refreshing native plugins compatible for Editor in 0.23 ms, found 0 plugins.
Preloading 0 native plugins for Editor in 0.00 ms.
Unloading 1131 Unused Serialized files (Serialized files now loaded: 0)
System memory in use before: 64.1 MB.
System memory in use after: 64.1 MB.

Unloading 5 unused Assets to reduce memory usage. Loaded Objects now: 1708.
Total: 2.057400 ms (FindLiveObjects: 0.198400 ms CreateObjectMapping: 0.074200 ms MarkObjects: 1.718400 ms  DeleteObjects: 0.052500 ms)

========================================================================
Received Prepare
Registering precompiled user dll's ...
Registered in 0.001853 seconds.
Begin MonoManager ReloadAssembly
Native extension for WindowsStandalone target not found
Refreshing native plugins compatible for Editor in 0.23 ms, found 0 plugins.
Preloading 0 native plugins for Editor in 0.00 ms.
Invoked RoslynAnalysisRunner static constructor.
RoslynAnalysisRunner will not be running.
RoslynAnalysisRunner has terminated.
Mono: successfully reloaded assembly
- Completed reload, in  1.400 seconds
Platform modules already initialized, skipping
Refreshing native plugins compatible for Editor in 1.12 ms, found 0 plugins.
Preloading 0 native plugins for Editor in 0.00 ms.
Unloading 1131 Unused Serialized files (Serialized files now loaded: 0)
System memory in use before: 64.3 MB.
System memory in use after: 64.4 MB.

Unloading 5 unused Assets to reduce memory usage. Loaded Objects now: 1710.
Total: 5.286100 ms (FindLiveObjects: 0.290700 ms CreateObjectMapping: 0.065900 ms MarkObjects: 4.743700 ms  DeleteObjects: 0.182300 ms)

========================================================================
Received Prepare
Registering precompiled user dll's ...
Registered in 0.001287 seconds.
Begin MonoManager ReloadAssembly
Native extension for WindowsStandalone target not found
Refreshing native plugins compatible for Editor in 0.22 ms, found 0 plugins.
Preloading 0 native plugins for Editor in 0.00 ms.
Invoked RoslynAnalysisRunner static constructor.
RoslynAnalysisRunner will not be running.
RoslynAnalysisRunner has terminated.
Mono: successfully reloaded assembly
- Completed reload, in  1.211 seconds
Platform modules already initialized, skipping
Refreshing native plugins compatible for Editor in 0.24 ms, found 0 plugins.
Preloading 0 native plugins for Editor in 0.00 ms.
Unloading 1131 Unused Serialized files (Serialized files now loaded: 0)
System memory in use before: 64.3 MB.
System memory in use after: 64.4 MB.

Unloading 5 unused Assets to reduce memory usage. Loaded Objects now: 1712.
Total: 2.523400 ms (FindLiveObjects: 0.210800 ms CreateObjectMapping: 0.047200 ms MarkObjects: 2.192900 ms  DeleteObjects: 0.070300 ms)

